{"name":"Register a new user","id":"utest;register-a-new-user","testSteps":[{"number":1,"description":"Given set data in fields\n| strFirstName | strLastName | strEmailAddress | strCity | strZipCode |\n| Juan | Carabali | mowafo1178@sartess.com | Popayán | 190002 |","duration":33067,"startTime":"2022-03-30T22:45:53.985539-05:00[America/Bogota]","exception":{"errorType":"net.thucydides.core.webdriver.exceptions.ElementShouldBeEnabledException","message":"Expected enabled element was not enabled","stackTrace":[{"classLoaderName":"app","declaringClass":"co.com.choucair.certification.utest.tasks.Register","methodName":"performAs","fileName":"Register.java","lineNumber":34,"format":1},{"classLoaderName":"app","declaringClass":"co.com.choucair.certification.utest.stepdefinitions.UtestStepDefinitions","methodName":"setDataInFields","fileName":"UtestStepDefinitions.java","lineNumber":45,"format":1},{"classLoaderName":"app","declaringClass":"cucumber.runner.Runner","methodName":"runPickle","fileName":"Runner.java","lineNumber":80,"format":1}],"rootCause":{"errorType":"org.openqa.selenium.TimeoutException","message":"Expected condition failed: waiting for By.xpath: //placeholder[contains(text(), \u0027Select a Version\u0027)] to be enabled (tried for 5 second(s) with 100 milliseconds interval)","stackTrace":[{"classLoaderName":"app","declaringClass":"co.com.choucair.certification.utest.tasks.Register","methodName":"performAs","fileName":"Register.java","lineNumber":34,"format":1},{"classLoaderName":"app","declaringClass":"co.com.choucair.certification.utest.stepdefinitions.UtestStepDefinitions","methodName":"setDataInFields","fileName":"UtestStepDefinitions.java","lineNumber":45,"format":1},{"classLoaderName":"app","declaringClass":"cucumber.runner.Runner","methodName":"runPickle","fileName":"Runner.java","lineNumber":80,"format":1}],"rootCause":{"errorType":"org.openqa.selenium.NoSuchElementException","message":"no such element: Unable to locate element: {\"method\":\"xpath\",\"selector\":\"//placeholder[contains(text(), \u0027Select a Version\u0027)]\"}\n  (Session info: chrome\u003d99.0.4844.82)\nFor documentation on this error, please visit: https://www.seleniumhq.org/exceptions/no_such_element.html\nBuild info: version: \u00273.141.59\u0027, revision: \u0027e82be7d358\u0027, time: \u00272018-11-14T08:17:03\u0027\nSystem info: host: \u0027manuel\u0027, ip: \u0027127.0.1.1\u0027, os.name: \u0027Linux\u0027, os.arch: \u0027amd64\u0027, os.version: \u00275.13.0-37-generic\u0027, java.version: \u002711.0.14.1\u0027\nDriver info: org.openqa.selenium.chrome.ChromeDriver\nCapabilities {acceptInsecureCerts: false, browserName: chrome, browserVersion: 99.0.4844.82, chrome: {chromedriverVersion: 99.0.4844.51 (d537ec02474b5..., userDataDir: /tmp/.com.google.Chrome.IUtv6C}, goog:chromeOptions: {debuggerAddress: localhost:40929}, javascriptEnabled: true, networkConnectionEnabled: false, pageLoadStrategy: normal, platform: LINUX, platformName: LINUX, proxy: Proxy(), setWindowRect: true, strictFileInteractability: false, timeouts: {implicit: 0, pageLoad: 300000, script: 30000}, unhandledPromptBehavior: dismiss and notify, webauthn:extension:credBlob: true, webauthn:extension:largeBlob: true, webauthn:virtualAuthenticators: true}\nSession ID: c61ceb56191bc1aee50dc02c97af3a80\n*** Element info: {Using\u003dxpath, value\u003d//placeholder[contains(text(), \u0027Select a Version\u0027)]}","stackTrace":[{"classLoaderName":"app","declaringClass":"co.com.choucair.certification.utest.tasks.Register","methodName":"performAs","fileName":"Register.java","lineNumber":34,"format":1},{"classLoaderName":"app","declaringClass":"co.com.choucair.certification.utest.stepdefinitions.UtestStepDefinitions","methodName":"setDataInFields","fileName":"UtestStepDefinitions.java","lineNumber":45,"format":1},{"classLoaderName":"app","declaringClass":"cucumber.runner.Runner","methodName":"runPickle","fileName":"Runner.java","lineNumber":80,"format":1}]}}},"result":"FAILURE","precondition":false,"level":0,"lineNumber":0,"children":[{"number":2,"description":"Manuel open up","duration":6982,"startTime":"2022-03-30T22:45:54.008843-05:00[America/Bogota]","screenshots":[{"screenshot":"8e3b76ce12eeb282c08df27b87ad1b630bd68c310735b10a05aefbaaf725ff64.png","timeStamp":1648698360991}],"result":"SUCCESS","precondition":false,"level":1,"lineNumber":0,"children":[{"number":3,"description":"Manuel opens the Utest page","duration":6965,"startTime":"2022-03-30T22:45:54.017857-05:00[America/Bogota]","screenshots":[{"screenshot":"8e3b76ce12eeb282c08df27b87ad1b630bd68c310735b10a05aefbaaf725ff64.png","timeStamp":1648698360983}],"result":"SUCCESS","precondition":false,"level":2,"lineNumber":0}]},{"number":4,"description":"Manuel register","duration":26056,"startTime":"2022-03-30T22:46:00.992599-05:00[America/Bogota]","exception":{"errorType":"net.thucydides.core.webdriver.exceptions.ElementShouldBeEnabledException","message":"Expected enabled element was not enabled","stackTrace":[{"classLoaderName":"app","declaringClass":"co.com.choucair.certification.utest.tasks.Register","methodName":"performAs","fileName":"Register.java","lineNumber":34,"format":1},{"classLoaderName":"app","declaringClass":"co.com.choucair.certification.utest.stepdefinitions.UtestStepDefinitions","methodName":"setDataInFields","fileName":"UtestStepDefinitions.java","lineNumber":45,"format":1},{"classLoaderName":"app","declaringClass":"cucumber.runner.Runner","methodName":"runPickle","fileName":"Runner.java","lineNumber":80,"format":1}],"rootCause":{"errorType":"org.openqa.selenium.TimeoutException","message":"Expected condition failed: waiting for By.xpath: //placeholder[contains(text(), \u0027Select a Version\u0027)] to be enabled (tried for 5 second(s) with 100 milliseconds interval)","stackTrace":[{"classLoaderName":"app","declaringClass":"co.com.choucair.certification.utest.tasks.Register","methodName":"performAs","fileName":"Register.java","lineNumber":34,"format":1},{"classLoaderName":"app","declaringClass":"co.com.choucair.certification.utest.stepdefinitions.UtestStepDefinitions","methodName":"setDataInFields","fileName":"UtestStepDefinitions.java","lineNumber":45,"format":1},{"classLoaderName":"app","declaringClass":"cucumber.runner.Runner","methodName":"runPickle","fileName":"Runner.java","lineNumber":80,"format":1}],"rootCause":{"errorType":"org.openqa.selenium.NoSuchElementException","message":"no such element: Unable to locate element: {\"method\":\"xpath\",\"selector\":\"//placeholder[contains(text(), \u0027Select a Version\u0027)]\"}\n  (Session info: chrome\u003d99.0.4844.82)\nFor documentation on this error, please visit: https://www.seleniumhq.org/exceptions/no_such_element.html\nBuild info: version: \u00273.141.59\u0027, revision: \u0027e82be7d358\u0027, time: \u00272018-11-14T08:17:03\u0027\nSystem info: host: \u0027manuel\u0027, ip: \u0027127.0.1.1\u0027, os.name: \u0027Linux\u0027, os.arch: \u0027amd64\u0027, os.version: \u00275.13.0-37-generic\u0027, java.version: \u002711.0.14.1\u0027\nDriver info: org.openqa.selenium.chrome.ChromeDriver\nCapabilities {acceptInsecureCerts: false, browserName: chrome, browserVersion: 99.0.4844.82, chrome: {chromedriverVersion: 99.0.4844.51 (d537ec02474b5..., userDataDir: /tmp/.com.google.Chrome.IUtv6C}, goog:chromeOptions: {debuggerAddress: localhost:40929}, javascriptEnabled: true, networkConnectionEnabled: false, pageLoadStrategy: normal, platform: LINUX, platformName: LINUX, proxy: Proxy(), setWindowRect: true, strictFileInteractability: false, timeouts: {implicit: 0, pageLoad: 300000, script: 30000}, unhandledPromptBehavior: dismiss and notify, webauthn:extension:credBlob: true, webauthn:extension:largeBlob: true, webauthn:virtualAuthenticators: true}\nSession ID: c61ceb56191bc1aee50dc02c97af3a80\n*** Element info: {Using\u003dxpath, value\u003d//placeholder[contains(text(), \u0027Select a Version\u0027)]}","stackTrace":[{"classLoaderName":"app","declaringClass":"co.com.choucair.certification.utest.tasks.Register","methodName":"performAs","fileName":"Register.java","lineNumber":34,"format":1},{"classLoaderName":"app","declaringClass":"co.com.choucair.certification.utest.stepdefinitions.UtestStepDefinitions","methodName":"setDataInFields","fileName":"UtestStepDefinitions.java","lineNumber":45,"format":1},{"classLoaderName":"app","declaringClass":"cucumber.runner.Runner","methodName":"runPickle","fileName":"Runner.java","lineNumber":80,"format":1}]}}},"result":"FAILURE","precondition":false,"level":1,"lineNumber":0,"children":[{"number":5,"description":"Manuel clicks on button register","duration":559,"startTime":"2022-03-30T22:46:01.086989-05:00[America/Bogota]","screenshots":[{"screenshot":"d3ca1b81d4677321e99ac1e52a23dd85cfcc05e7dec9bded8116991005d5fe52.png","timeStamp":1648698361646}],"result":"SUCCESS","precondition":false,"level":2,"lineNumber":0},{"number":6,"description":"Manuel enters \u0027Juan\u0027 into where do we write the first name","duration":1004,"startTime":"2022-03-30T22:46:01.651240-05:00[America/Bogota]","screenshots":[{"screenshot":"a868b31bf739174ef9a26bec5f273c6fe0a3120361fdb1b53b8df065a4381602.png","timeStamp":1648698362655}],"result":"SUCCESS","precondition":false,"level":2,"lineNumber":0},{"number":7,"description":"Manuel enters \u0027Carabali\u0027 into where do we write the last name","duration":1412,"startTime":"2022-03-30T22:46:02.657668-05:00[America/Bogota]","screenshots":[{"screenshot":"de368783419a10a73cf6aa8d58b5b42fcd18aa6b1cde1f85d057bc80427e65ca.png","timeStamp":1648698364070}],"result":"SUCCESS","precondition":false,"level":2,"lineNumber":0},{"number":8,"description":"Manuel enters \u0027mowafo1178@sartess.com\u0027 into where do we write the email","duration":1282,"startTime":"2022-03-30T22:46:04.073217-05:00[America/Bogota]","screenshots":[{"screenshot":"e57bbb54eadaa1d99a3672667620610c2daa9c6cf24933ceb0e693d43ac4429a.png","timeStamp":1648698365355}],"result":"SUCCESS","precondition":false,"level":2,"lineNumber":0},{"number":9,"description":"Manuel clicks on where do we write the month","duration":879,"startTime":"2022-03-30T22:46:05.357390-05:00[America/Bogota]","screenshots":[{"screenshot":"9888fe46c0e352d994ed9e3e21d45619b26912de84fe85a0164b3377fdbd02b5.png","timeStamp":1648698366237}],"result":"SUCCESS","precondition":false,"level":2,"lineNumber":0},{"number":10,"description":"Manuel clicks on where do we write the month","duration":795,"startTime":"2022-03-30T22:46:06.238703-05:00[America/Bogota]","screenshots":[{"screenshot":"6815a1adf8edaf292924b8408d385327129e6c967986784103aba9d73eb4c921.png","timeStamp":1648698367034}],"result":"SUCCESS","precondition":false,"level":2,"lineNumber":0},{"number":11,"description":"Manuel clicks on where do we write the day","duration":806,"startTime":"2022-03-30T22:46:07.036031-05:00[America/Bogota]","screenshots":[{"screenshot":"581b7248cd4f82732a443bab193a7620d4fa923ab9e95c9c9ee4195ba1695fa3.png","timeStamp":1648698367842}],"result":"SUCCESS","precondition":false,"level":2,"lineNumber":0},{"number":12,"description":"Manuel clicks on where do we write the day","duration":758,"startTime":"2022-03-30T22:46:07.844322-05:00[America/Bogota]","screenshots":[{"screenshot":"b79bdb9bc5c99fdeb080136ef13968c0f0e1591fd34226eb8235ab29e43f03d9.png","timeStamp":1648698368602}],"result":"SUCCESS","precondition":false,"level":2,"lineNumber":0},{"number":13,"description":"Manuel clicks on where do we write the year","duration":837,"startTime":"2022-03-30T22:46:08.604272-05:00[America/Bogota]","screenshots":[{"screenshot":"023f19f55927a18c310fd386e08cae7ded629e0d6629f8827cf0982f3fe87fa3.png","timeStamp":1648698369441}],"result":"SUCCESS","precondition":false,"level":2,"lineNumber":0},{"number":14,"description":"Manuel clicks on where do we write the year","duration":808,"startTime":"2022-03-30T22:46:09.443232-05:00[America/Bogota]","screenshots":[{"screenshot":"a0694aca68c438057e6d98838efcba0b7956d8b09264311d4e52701d78316bd9.png","timeStamp":1648698370251}],"result":"SUCCESS","precondition":false,"level":2,"lineNumber":0},{"number":15,"description":"Manuel clicks on next button","duration":802,"startTime":"2022-03-30T22:46:10.252741-05:00[America/Bogota]","screenshots":[{"screenshot":"38ee40beac3513ffbca661f0620d876fec3e361285e056dc3541b9d3688e7bb1.png","timeStamp":1648698371055}],"result":"SUCCESS","precondition":false,"level":2,"lineNumber":0},{"number":16,"description":"Manuel enters \u0027Popayán\u0027 into where do we write the city","duration":1198,"startTime":"2022-03-30T22:46:11.057028-05:00[America/Bogota]","screenshots":[{"screenshot":"2e15496210150fd81dbeb4205b48d8e1d1ab476bc534f8febaac02fc8b4f9ed8.png","timeStamp":1648698372255}],"result":"SUCCESS","precondition":false,"level":2,"lineNumber":0},{"number":17,"description":"Manuel enters \u0027190002\u0027 into where do we write the city","duration":958,"startTime":"2022-03-30T22:46:12.257553-05:00[America/Bogota]","screenshots":[{"screenshot":"77827fde3113f6a1b10676cc895a37e79be6fd56cb32c48c76a567bbb8edd503.png","timeStamp":1648698373215}],"result":"SUCCESS","precondition":false,"level":2,"lineNumber":0},{"number":18,"description":"Manuel clicks on where do we write the city","duration":2252,"startTime":"2022-03-30T22:46:13.217247-05:00[America/Bogota]","screenshots":[{"screenshot":"c09018e3777fbfa3d0da67e7257a3c9ff68bdab4f4d7f12ba6d8373d1dfe735b.png","timeStamp":1648698375470}],"result":"SUCCESS","precondition":false,"level":2,"lineNumber":0},{"number":19,"description":"Manuel clicks on next button","duration":898,"startTime":"2022-03-30T22:46:15.472084-05:00[America/Bogota]","screenshots":[{"screenshot":"55fb341e1f5d0190fb52d22c1944edde1f3ed0ccbbc1ded12ba5c37ea5c52237.png","timeStamp":1648698376369}],"result":"SUCCESS","precondition":false,"level":2,"lineNumber":0},{"number":20,"description":"Manuel clicks on where do we write the city","duration":10672,"startTime":"2022-03-30T22:46:16.372148-05:00[America/Bogota]","screenshots":[{"screenshot":"c6da8bd403b830ffd31765fb810911a316bab53f148362068574bcbf05d9c43a.png","htmlSource":"pagesource1622359929459693965.html.txt","timeStamp":1648698387043}],"exception":{"errorType":"net.thucydides.core.webdriver.exceptions.ElementShouldBeEnabledException","message":"Expected enabled element was not enabled","stackTrace":[{"classLoaderName":"app","declaringClass":"co.com.choucair.certification.utest.tasks.Register","methodName":"performAs","fileName":"Register.java","lineNumber":34,"format":1},{"classLoaderName":"app","declaringClass":"co.com.choucair.certification.utest.stepdefinitions.UtestStepDefinitions","methodName":"setDataInFields","fileName":"UtestStepDefinitions.java","lineNumber":45,"format":1},{"classLoaderName":"app","declaringClass":"cucumber.runner.Runner","methodName":"runPickle","fileName":"Runner.java","lineNumber":80,"format":1}],"rootCause":{"errorType":"org.openqa.selenium.TimeoutException","message":"Expected condition failed: waiting for By.xpath: //placeholder[contains(text(), \u0027Select a Version\u0027)] to be enabled (tried for 5 second(s) with 100 milliseconds interval)","stackTrace":[{"classLoaderName":"app","declaringClass":"co.com.choucair.certification.utest.tasks.Register","methodName":"performAs","fileName":"Register.java","lineNumber":34,"format":1},{"classLoaderName":"app","declaringClass":"co.com.choucair.certification.utest.stepdefinitions.UtestStepDefinitions","methodName":"setDataInFields","fileName":"UtestStepDefinitions.java","lineNumber":45,"format":1},{"classLoaderName":"app","declaringClass":"cucumber.runner.Runner","methodName":"runPickle","fileName":"Runner.java","lineNumber":80,"format":1}],"rootCause":{"errorType":"org.openqa.selenium.NoSuchElementException","message":"no such element: Unable to locate element: {\"method\":\"xpath\",\"selector\":\"//placeholder[contains(text(), \u0027Select a Version\u0027)]\"}\n  (Session info: chrome\u003d99.0.4844.82)\nFor documentation on this error, please visit: https://www.seleniumhq.org/exceptions/no_such_element.html\nBuild info: version: \u00273.141.59\u0027, revision: \u0027e82be7d358\u0027, time: \u00272018-11-14T08:17:03\u0027\nSystem info: host: \u0027manuel\u0027, ip: \u0027127.0.1.1\u0027, os.name: \u0027Linux\u0027, os.arch: \u0027amd64\u0027, os.version: \u00275.13.0-37-generic\u0027, java.version: \u002711.0.14.1\u0027\nDriver info: org.openqa.selenium.chrome.ChromeDriver\nCapabilities {acceptInsecureCerts: false, browserName: chrome, browserVersion: 99.0.4844.82, chrome: {chromedriverVersion: 99.0.4844.51 (d537ec02474b5..., userDataDir: /tmp/.com.google.Chrome.IUtv6C}, goog:chromeOptions: {debuggerAddress: localhost:40929}, javascriptEnabled: true, networkConnectionEnabled: false, pageLoadStrategy: normal, platform: LINUX, platformName: LINUX, proxy: Proxy(), setWindowRect: true, strictFileInteractability: false, timeouts: {implicit: 0, pageLoad: 300000, script: 30000}, unhandledPromptBehavior: dismiss and notify, webauthn:extension:credBlob: true, webauthn:extension:largeBlob: true, webauthn:virtualAuthenticators: true}\nSession ID: c61ceb56191bc1aee50dc02c97af3a80\n*** Element info: {Using\u003dxpath, value\u003d//placeholder[contains(text(), \u0027Select a Version\u0027)]}","stackTrace":[{"classLoaderName":"app","declaringClass":"co.com.choucair.certification.utest.tasks.Register","methodName":"performAs","fileName":"Register.java","lineNumber":34,"format":1},{"classLoaderName":"app","declaringClass":"co.com.choucair.certification.utest.stepdefinitions.UtestStepDefinitions","methodName":"setDataInFields","fileName":"UtestStepDefinitions.java","lineNumber":45,"format":1},{"classLoaderName":"app","declaringClass":"cucumber.runner.Runner","methodName":"runPickle","fileName":"Runner.java","lineNumber":80,"format":1}]}}},"result":"FAILURE","precondition":false,"level":2,"lineNumber":0}]}]}],"userStory":{"id":"utest","storyName":"Utest","path":"utest.feature","narrative":"  As a user, I want to learn how to automate in screamplay at Utest page practice","type":"feature"},"featureTag":{"name":"Utest","type":"feature","displayName":"Utest"},"title":"Register a new user","tags":[{"name":"scenario2","type":"tag","displayName":"scenario2"},{"name":"Utest","type":"feature","displayName":"Utest"},{"name":"stories","type":"tag","displayName":"stories"}],"startTime":"2022-03-30T22:45:53.978013-05:00[America/Bogota]","duration":33081,"testFailureCause":{"errorType":"net.thucydides.core.webdriver.exceptions.ElementShouldBeEnabledException","message":"Expected enabled element was not enabled","stackTrace":[{"classLoaderName":"app","declaringClass":"co.com.choucair.certification.utest.tasks.Register","methodName":"performAs","fileName":"Register.java","lineNumber":34,"format":1},{"classLoaderName":"app","declaringClass":"co.com.choucair.certification.utest.stepdefinitions.UtestStepDefinitions","methodName":"setDataInFields","fileName":"UtestStepDefinitions.java","lineNumber":45,"format":1},{"classLoaderName":"app","declaringClass":"cucumber.runner.Runner","methodName":"runPickle","fileName":"Runner.java","lineNumber":80,"format":1}],"rootCause":{"errorType":"org.openqa.selenium.TimeoutException","message":"Expected condition failed: waiting for By.xpath: //placeholder[contains(text(), \u0027Select a Version\u0027)] to be enabled (tried for 5 second(s) with 100 milliseconds interval)","stackTrace":[{"classLoaderName":"app","declaringClass":"co.com.choucair.certification.utest.tasks.Register","methodName":"performAs","fileName":"Register.java","lineNumber":34,"format":1},{"classLoaderName":"app","declaringClass":"co.com.choucair.certification.utest.stepdefinitions.UtestStepDefinitions","methodName":"setDataInFields","fileName":"UtestStepDefinitions.java","lineNumber":45,"format":1},{"classLoaderName":"app","declaringClass":"cucumber.runner.Runner","methodName":"runPickle","fileName":"Runner.java","lineNumber":80,"format":1}],"rootCause":{"errorType":"org.openqa.selenium.NoSuchElementException","message":"no such element: Unable to locate element: {\"method\":\"xpath\",\"selector\":\"//placeholder[contains(text(), \u0027Select a Version\u0027)]\"}\n  (Session info: chrome\u003d99.0.4844.82)\nFor documentation on this error, please visit: https://www.seleniumhq.org/exceptions/no_such_element.html\nBuild info: version: \u00273.141.59\u0027, revision: \u0027e82be7d358\u0027, time: \u00272018-11-14T08:17:03\u0027\nSystem info: host: \u0027manuel\u0027, ip: \u0027127.0.1.1\u0027, os.name: \u0027Linux\u0027, os.arch: \u0027amd64\u0027, os.version: \u00275.13.0-37-generic\u0027, java.version: \u002711.0.14.1\u0027\nDriver info: org.openqa.selenium.chrome.ChromeDriver\nCapabilities {acceptInsecureCerts: false, browserName: chrome, browserVersion: 99.0.4844.82, chrome: {chromedriverVersion: 99.0.4844.51 (d537ec02474b5..., userDataDir: /tmp/.com.google.Chrome.IUtv6C}, goog:chromeOptions: {debuggerAddress: localhost:40929}, javascriptEnabled: true, networkConnectionEnabled: false, pageLoadStrategy: normal, platform: LINUX, platformName: LINUX, proxy: Proxy(), setWindowRect: true, strictFileInteractability: false, timeouts: {implicit: 0, pageLoad: 300000, script: 30000}, unhandledPromptBehavior: dismiss and notify, webauthn:extension:credBlob: true, webauthn:extension:largeBlob: true, webauthn:virtualAuthenticators: true}\nSession ID: c61ceb56191bc1aee50dc02c97af3a80\n*** Element info: {Using\u003dxpath, value\u003d//placeholder[contains(text(), \u0027Select a Version\u0027)]}","stackTrace":[{"classLoaderName":"app","declaringClass":"co.com.choucair.certification.utest.tasks.Register","methodName":"performAs","fileName":"Register.java","lineNumber":34,"format":1},{"classLoaderName":"app","declaringClass":"co.com.choucair.certification.utest.stepdefinitions.UtestStepDefinitions","methodName":"setDataInFields","fileName":"UtestStepDefinitions.java","lineNumber":45,"format":1},{"classLoaderName":"app","declaringClass":"cucumber.runner.Runner","methodName":"runPickle","fileName":"Runner.java","lineNumber":80,"format":1}]}}},"testFailureClassname":"net.thucydides.core.webdriver.exceptions.ElementShouldBeEnabledException","testFailureMessage":"Expected enabled element was not enabled","testFailureSummary":"FAILURE;net.thucydides.core.webdriver.exceptions.ElementShouldBeEnabledException;Expected enabled element was not enabled;Register.java","projectKey":"","annotatedResult":"FAILURE","sessionId":"c61ceb56191bc1aee50dc02c97af3a80","driver":"chrome:manuel","isManualTestingUpToDate":false,"manual":false,"testSource":"Cucumber","actors":[{"name":"Manuel","can":["browse the web"]}],"result":"FAILURE"}